[dotenv] Set [36mDB_USERNAME[0m, [36mDB_PASSWORD[0m
[dotenv] Loaded [33m.env[0m
  [1m[35mSQL (0.5ms)[0m  [1m[35mSET search_path TO public /*application='Backend'*/[0m
  [1m[35m (237.8ms)[0m  [1m[35mCREATE DATABASE "salary_tool_development" ENCODING = 'unicode' /*application='Backend'*/[0m
  [1m[35mSQL (0.2ms)[0m  [1m[35mSET search_path TO public /*application='Backend'*/[0m
  [1m[35m (89.2ms)[0m  [1m[35mCREATE DATABASE "salary_tool_test" ENCODING = 'unicode' /*application='Backend'*/[0m
[dotenv] Set [36mDB_USERNAME[0m, [36mDB_PASSWORD[0m
[dotenv] Loaded [33m.env[0m
[dotenv] Set [36mDB_USERNAME[0m, [36mDB_PASSWORD[0m
[dotenv] Loaded [33m.env[0m
[dotenv] Set [36mDB_USERNAME[0m, [36mDB_PASSWORD[0m, [36mDEVISE_JWT_SECRET_KEY[0m
[dotenv] Loaded [33m.env[0m
[dotenv] Set [36mDB_USERNAME[0m, [36mDB_PASSWORD[0m, [36mDEVISE_JWT_SECRET_KEY[0m
[dotenv] Loaded [33m.env[0m
[dotenv] Set [36mDB_USERNAME[0m, [36mDB_PASSWORD[0m, [36mDEVISE_JWT_SECRET_KEY[0m
[dotenv] Loaded [33m.env[0m
  [1m[35m (6.7ms)[0m  [1m[35mCREATE TABLE "schema_migrations" ("version" character varying NOT NULL PRIMARY KEY) /*application='Backend'*/[0m
  [1m[35m (2.6ms)[0m  [1m[35mCREATE TABLE "ar_internal_metadata" ("key" character varying NOT NULL PRIMARY KEY, "value" character varying, "created_at" timestamp(6) NOT NULL, "updated_at" timestamp(6) NOT NULL) /*application='Backend'*/[0m
  [1m[35m (0.2ms)[0m  [1m[34mSELECT pg_try_advisory_lock(2703814818277871445) /*application='Backend'*/[0m
  [1m[36mActiveRecord::SchemaMigration Load (0.4ms)[0m  [1m[34mSELECT "schema_migrations"."version" FROM "schema_migrations" ORDER BY "schema_migrations"."version" ASC /*application='Backend'*/[0m
  [1m[36mActiveRecord::InternalMetadata Load (0.8ms)[0m  [1m[34mSELECT * FROM "ar_internal_metadata" WHERE "ar_internal_metadata"."key" = 'environment' ORDER BY "ar_internal_metadata"."key" ASC LIMIT 1 /*application='Backend'*/[0m
  [1m[36mActiveRecord::InternalMetadata Create (1.3ms)[0m  [1m[32mINSERT INTO "ar_internal_metadata" ("key", "value", "created_at", "updated_at") VALUES ('environment', 'development', '2026-04-09 09:51:55.268585', '2026-04-09 09:51:55.268588') RETURNING "key" /*application='Backend'*/[0m
Migrating to DeviseCreateUsers (20260409095138)
  [1m[36mTRANSACTION (0.2ms)[0m  [1m[35mBEGIN /*application='Backend'*/[0m
  [1m[35m (3.5ms)[0m  [1m[35mCREATE TABLE "users" ("id" bigserial primary key, "email" character varying DEFAULT '' NOT NULL, "encrypted_password" character varying DEFAULT '' NOT NULL, "reset_password_token" character varying, "reset_password_sent_at" timestamp(6), "remember_created_at" timestamp(6), "name" character varying, "created_at" timestamp(6) NOT NULL, "updated_at" timestamp(6) NOT NULL) /*application='Backend'*/[0m
  [1m[35m (0.4ms)[0m  [1m[35mCREATE UNIQUE INDEX "index_users_on_email" ON "users" ("email") /*application='Backend'*/[0m
  [1m[35m (0.4ms)[0m  [1m[35mCREATE UNIQUE INDEX "index_users_on_reset_password_token" ON "users" ("reset_password_token") /*application='Backend'*/[0m
  [1m[36mActiveRecord::SchemaMigration Create (0.4ms)[0m  [1m[32mINSERT INTO "schema_migrations" ("version") VALUES ('20260409095138') RETURNING "version" /*application='Backend'*/[0m
  [1m[36mTRANSACTION (1.1ms)[0m  [1m[35mCOMMIT /*application='Backend'*/[0m
Migrating to CreateJwtDenylists (20260409095146)
  [1m[36mTRANSACTION (0.5ms)[0m  [1m[35mBEGIN /*application='Backend'*/[0m
  [1m[35m (7.0ms)[0m  [1m[35mCREATE TABLE "jwt_denylists" ("id" bigserial primary key, "jti" character varying, "exp" timestamp(6), "created_at" timestamp(6) NOT NULL, "updated_at" timestamp(6) NOT NULL) /*application='Backend'*/[0m
  [1m[35m (0.4ms)[0m  [1m[35mCREATE INDEX "index_jwt_denylists_on_jti" ON "jwt_denylists" ("jti") /*application='Backend'*/[0m
  [1m[36mActiveRecord::SchemaMigration Create (0.2ms)[0m  [1m[32mINSERT INTO "schema_migrations" ("version") VALUES ('20260409095146') RETURNING "version" /*application='Backend'*/[0m
  [1m[36mTRANSACTION (1.3ms)[0m  [1m[35mCOMMIT /*application='Backend'*/[0m
  [1m[35m (0.2ms)[0m  [1m[34mSELECT pg_advisory_unlock(2703814818277871445) /*application='Backend'*/[0m
  [1m[36mActiveRecord::SchemaMigration Load (0.2ms)[0m  [1m[34mSELECT "schema_migrations"."version" FROM "schema_migrations" ORDER BY "schema_migrations"."version" ASC /*application='Backend'*/[0m
[dotenv] Set [36mDB_USERNAME[0m, [36mDB_PASSWORD[0m, [36mDEVISE_JWT_SECRET_KEY[0m
[dotenv] Loaded [33m.env[0m
[dotenv] Set [36mDB_USERNAME[0m, [36mDB_PASSWORD[0m, [36mDEVISE_JWT_SECRET_KEY[0m
[dotenv] Loaded [33m.env[0m
[dotenv] Set [36mDB_USERNAME[0m, [36mDB_PASSWORD[0m, [36mDEVISE_JWT_SECRET_KEY[0m
[dotenv] Loaded [33m.env[0m
[dotenv] Set [36mDB_USERNAME[0m, [36mDB_PASSWORD[0m, [36mDEVISE_JWT_SECRET_KEY[0m
[dotenv] Loaded [33m.env[0m
[dotenv] Set [36mDB_USERNAME[0m, [36mDB_PASSWORD[0m, [36mDEVISE_JWT_SECRET_KEY[0m
[dotenv] Loaded [33m.env[0m
  [1m[35m (0.3ms)[0m  [1m[34mSELECT pg_try_advisory_lock(2703814818277871445) /*application='Backend'*/[0m
  [1m[36mActiveRecord::SchemaMigration Load (1.1ms)[0m  [1m[34mSELECT "schema_migrations"."version" FROM "schema_migrations" ORDER BY "schema_migrations"."version" ASC /*application='Backend'*/[0m
  [1m[36mActiveRecord::InternalMetadata Load (0.9ms)[0m  [1m[34mSELECT * FROM "ar_internal_metadata" WHERE "ar_internal_metadata"."key" = 'environment' ORDER BY "ar_internal_metadata"."key" ASC LIMIT 1 /*application='Backend'*/[0m
Migrating to AddJtiToUsers (20260409105351)
  [1m[36mTRANSACTION (0.2ms)[0m  [1m[35mBEGIN /*application='Backend'*/[0m
  [1m[35m (3.6ms)[0m  [1m[35mALTER TABLE "users" ADD "jti" character varying /*application='Backend'*/[0m
  [1m[35m (3.5ms)[0m  [1m[35mCREATE INDEX "index_users_on_jti" ON "users" ("jti") /*application='Backend'*/[0m
  [1m[36mActiveRecord::SchemaMigration Create (0.3ms)[0m  [1m[32mINSERT INTO "schema_migrations" ("version") VALUES ('20260409105351') RETURNING "version" /*application='Backend'*/[0m
  [1m[36mTRANSACTION (1.5ms)[0m  [1m[35mCOMMIT /*application='Backend'*/[0m
  [1m[35m (0.2ms)[0m  [1m[34mSELECT pg_advisory_unlock(2703814818277871445) /*application='Backend'*/[0m
  [1m[36mActiveRecord::SchemaMigration Load (0.2ms)[0m  [1m[34mSELECT "schema_migrations"."version" FROM "schema_migrations" ORDER BY "schema_migrations"."version" ASC /*application='Backend'*/[0m
[dotenv] Set [36mDB_USERNAME[0m, [36mDB_PASSWORD[0m, [36mDEVISE_JWT_SECRET_KEY[0m
[dotenv] Loaded [33m.env[0m
[dotenv] Set [36mDB_USERNAME[0m, [36mDB_PASSWORD[0m, [36mDEVISE_JWT_SECRET_KEY[0m
[dotenv] Loaded [33m.env[0m
  [1m[35m (0.8ms)[0m  [1m[34mSELECT pg_try_advisory_lock(2703814818277871445) /*application='Backend'*/[0m
  [1m[36mActiveRecord::SchemaMigration Load (0.8ms)[0m  [1m[34mSELECT "schema_migrations"."version" FROM "schema_migrations" ORDER BY "schema_migrations"."version" ASC /*application='Backend'*/[0m
  [1m[36mActiveRecord::InternalMetadata Load (0.6ms)[0m  [1m[34mSELECT * FROM "ar_internal_metadata" WHERE "ar_internal_metadata"."key" = 'environment' ORDER BY "ar_internal_metadata"."key" ASC LIMIT 1 /*application='Backend'*/[0m
Migrating to DropJwtDenylists (20260409105427)
  [1m[36mTRANSACTION (0.2ms)[0m  [1m[35mBEGIN /*application='Backend'*/[0m
  [1m[35m (8.2ms)[0m  [1m[35mDROP TABLE "jwt_denylists" /*application='Backend'*/[0m
  [1m[36mActiveRecord::SchemaMigration Create (0.4ms)[0m  [1m[32mINSERT INTO "schema_migrations" ("version") VALUES ('20260409105427') RETURNING "version" /*application='Backend'*/[0m
  [1m[36mTRANSACTION (2.6ms)[0m  [1m[35mCOMMIT /*application='Backend'*/[0m
  [1m[35m (0.2ms)[0m  [1m[34mSELECT pg_advisory_unlock(2703814818277871445) /*application='Backend'*/[0m
  [1m[36mActiveRecord::SchemaMigration Load (0.2ms)[0m  [1m[34mSELECT "schema_migrations"."version" FROM "schema_migrations" ORDER BY "schema_migrations"."version" ASC /*application='Backend'*/[0m
[dotenv] Set [36mDB_USERNAME[0m, [36mDB_PASSWORD[0m, [36mDEVISE_JWT_SECRET_KEY[0m
[dotenv] Loaded [33m.env[0m
[dotenv] Set [36mDB_USERNAME[0m, [36mDB_PASSWORD[0m, [36mDEVISE_JWT_SECRET_KEY[0m
[dotenv] Loaded [33m.env[0m
  [1m[35m (0.3ms)[0m  [1m[34mSELECT pg_try_advisory_lock(2703814818277871445) /*application='Backend'*/[0m
  [1m[36mActiveRecord::SchemaMigration Load (0.8ms)[0m  [1m[34mSELECT "schema_migrations"."version" FROM "schema_migrations" ORDER BY "schema_migrations"."version" ASC /*application='Backend'*/[0m
  [1m[36mActiveRecord::InternalMetadata Load (0.6ms)[0m  [1m[34mSELECT * FROM "ar_internal_metadata" WHERE "ar_internal_metadata"."key" = 'environment' ORDER BY "ar_internal_metadata"."key" ASC LIMIT 1 /*application='Backend'*/[0m
Migrating to ChangeJtiOnUsersToNotNullAndUnique (20260409105736)
  [1m[36mTRANSACTION (0.2ms)[0m  [1m[35mBEGIN /*application='Backend'*/[0m
  [1m[35m (2.1ms)[0m  [1m[35mALTER TABLE "users" ALTER COLUMN "jti" SET NOT NULL /*application='Backend'*/[0m
  [1m[35m (0.9ms)[0m  [1m[35mALTER TABLE "users" ALTER COLUMN "jti" SET DEFAULT '' /*application='Backend'*/[0m
  [1m[36mActiveRecord::SchemaMigration Create (0.3ms)[0m  [1m[32mINSERT INTO "schema_migrations" ("version") VALUES ('20260409105736') RETURNING "version" /*application='Backend'*/[0m
  [1m[36mTRANSACTION (1.0ms)[0m  [1m[35mCOMMIT /*application='Backend'*/[0m
  [1m[35m (0.2ms)[0m  [1m[34mSELECT pg_advisory_unlock(2703814818277871445) /*application='Backend'*/[0m
  [1m[36mActiveRecord::SchemaMigration Load (0.2ms)[0m  [1m[34mSELECT "schema_migrations"."version" FROM "schema_migrations" ORDER BY "schema_migrations"."version" ASC /*application='Backend'*/[0m
